Determining if the pthread_create exist failed with the following output:
Change Dir: /home/mtb/sim_ws/bot_ws/src/baxter_pkg/baxter_controllers/plugins/hello_world/build/CMakeFiles/CMakeTmp

Run Build Command:/usr/bin/make "cmTryCompileExec3168690119/fast"
/usr/bin/make -f CMakeFiles/cmTryCompileExec3168690119.dir/build.make CMakeFiles/cmTryCompileExec3168690119.dir/build
make[1]: Entering directory `/home/mtb/sim_ws/bot_ws/src/baxter_pkg/baxter_controllers/plugins/hello_world/build/CMakeFiles/CMakeTmp'
/usr/bin/cmake -E cmake_progress_report /home/mtb/sim_ws/bot_ws/src/baxter_pkg/baxter_controllers/plugins/hello_world/build/CMakeFiles/CMakeTmp/CMakeFiles 1
Building C object CMakeFiles/cmTryCompileExec3168690119.dir/CheckSymbolExists.c.o
/usr/bin/cc    -o CMakeFiles/cmTryCompileExec3168690119.dir/CheckSymbolExists.c.o   -c /home/mtb/sim_ws/bot_ws/src/baxter_pkg/baxter_controllers/plugins/hello_world/build/CMakeFiles/CMakeTmp/CheckSymbolExists.c
Linking C executable cmTryCompileExec3168690119
/usr/bin/cmake -E cmake_link_script CMakeFiles/cmTryCompileExec3168690119.dir/link.txt --verbose=1
/usr/bin/cc       CMakeFiles/cmTryCompileExec3168690119.dir/CheckSymbolExists.c.o  -o cmTryCompileExec3168690119 -rdynamic 
CMakeFiles/cmTryCompileExec3168690119.dir/CheckSymbolExists.c.o: In function `main':
CheckSymbolExists.c:(.text+0x16): undefined reference to `pthread_create'
collect2: error: ld returned 1 exit status
make[1]: *** [cmTryCompileExec3168690119] Error 1
make[1]: Leaving directory `/home/mtb/sim_ws/bot_ws/src/baxter_pkg/baxter_controllers/plugins/hello_world/build/CMakeFiles/CMakeTmp'
make: *** [cmTryCompileExec3168690119/fast] Error 2

File /home/mtb/sim_ws/bot_ws/src/baxter_pkg/baxter_controllers/plugins/hello_world/build/CMakeFiles/CMakeTmp/CheckSymbolExists.c:
/* */
#include <pthread.h>

int main(int argc, char** argv)
{
  (void)argv;
#ifndef pthread_create
  return ((int*)(&pthread_create))[argc];
#else
  (void)argc;
  return 0;
#endif
}

Determining if the function pthread_create exists in the pthreads failed with the following output:
Change Dir: /home/mtb/sim_ws/bot_ws/src/baxter_pkg/baxter_controllers/plugins/hello_world/build/CMakeFiles/CMakeTmp

Run Build Command:/usr/bin/make "cmTryCompileExec3288710470/fast"
/usr/bin/make -f CMakeFiles/cmTryCompileExec3288710470.dir/build.make CMakeFiles/cmTryCompileExec3288710470.dir/build
make[1]: Entering directory `/home/mtb/sim_ws/bot_ws/src/baxter_pkg/baxter_controllers/plugins/hello_world/build/CMakeFiles/CMakeTmp'
/usr/bin/cmake -E cmake_progress_report /home/mtb/sim_ws/bot_ws/src/baxter_pkg/baxter_controllers/plugins/hello_world/build/CMakeFiles/CMakeTmp/CMakeFiles 1
Building C object CMakeFiles/cmTryCompileExec3288710470.dir/CheckFunctionExists.c.o
/usr/bin/cc   -DCHECK_FUNCTION_EXISTS=pthread_create   -o CMakeFiles/cmTryCompileExec3288710470.dir/CheckFunctionExists.c.o   -c /usr/share/cmake-2.8/Modules/CheckFunctionExists.c
Linking C executable cmTryCompileExec3288710470
/usr/bin/cmake -E cmake_link_script CMakeFiles/cmTryCompileExec3288710470.dir/link.txt --verbose=1
/usr/bin/cc   -DCHECK_FUNCTION_EXISTS=pthread_create    CMakeFiles/cmTryCompileExec3288710470.dir/CheckFunctionExists.c.o  -o cmTryCompileExec3288710470 -rdynamic -lpthreads 
/usr/bin/ld: cannot find -lpthreads
collect2: error: ld returned 1 exit status
make[1]: *** [cmTryCompileExec3288710470] Error 1
make[1]: Leaving directory `/home/mtb/sim_ws/bot_ws/src/baxter_pkg/baxter_controllers/plugins/hello_world/build/CMakeFiles/CMakeTmp'
make: *** [cmTryCompileExec3288710470/fast] Error 2


